{"nbformat":4,"nbformat_minor":0,"metadata":{"colab":{"provenance":[],"authorship_tag":"ABX9TyPMmlEerUe3NF+Yh/FgPqMN"},"kernelspec":{"name":"python3","display_name":"Python 3"},"language_info":{"name":"python"}},"cells":[{"cell_type":"code","execution_count":5,"metadata":{"id":"SZhB5XMLZB5h","executionInfo":{"status":"ok","timestamp":1739423178910,"user_tz":-330,"elapsed":493,"user":{"displayName":"Mohammed Parvez","userId":"16593232345013685849"}}},"outputs":[],"source":["var=\"Natural language processing helps computers communicate with humans in their own language and scales other language-related tasks. For example, NLP makes it possible for computers to read text, hear speech, interpret it, measure sentiment and determine which parts are important.\""]},{"cell_type":"code","source":[],"metadata":{"id":"lm6lYpD4rb-N"},"execution_count":null,"outputs":[]},{"cell_type":"code","source":["var"],"metadata":{"colab":{"base_uri":"https://localhost:8080/","height":87},"id":"568nm-9zZvfT","executionInfo":{"status":"ok","timestamp":1739423180715,"user_tz":-330,"elapsed":3,"user":{"displayName":"Mohammed Parvez","userId":"16593232345013685849"}},"outputId":"9e2a8fbc-865c-40bc-d69b-006679645bb9"},"execution_count":6,"outputs":[{"output_type":"execute_result","data":{"text/plain":["'Natural language processing helps computers communicate with humans in their own language and scales other language-related tasks. For example, NLP makes it possible for computers to read text, hear speech, interpret it, measure sentiment and determine which parts are important.'"],"application/vnd.google.colaboratory.intrinsic+json":{"type":"string"}},"metadata":{},"execution_count":6}]},{"cell_type":"code","source":["from nltk.tokenize import word_tokenize,sent_tokenize"],"metadata":{"id":"5tu8cyqyZzL4","executionInfo":{"status":"ok","timestamp":1739423224075,"user_tz":-330,"elapsed":381,"user":{"displayName":"Mohammed Parvez","userId":"16593232345013685849"}}},"execution_count":14,"outputs":[]},{"cell_type":"code","source":["sent_tokenize(var)"],"metadata":{"colab":{"base_uri":"https://localhost:8080/"},"id":"o_QCjQQEaPAh","executionInfo":{"status":"ok","timestamp":1739423226191,"user_tz":-330,"elapsed":368,"user":{"displayName":"Mohammed Parvez","userId":"16593232345013685849"}},"outputId":"585026a5-337b-4744-fb8f-2542cb3ef75f"},"execution_count":15,"outputs":[{"output_type":"execute_result","data":{"text/plain":["['Natural language processing helps computers communicate with humans in their own language and scales other language-related tasks.',\n"," 'For example, NLP makes it possible for computers to read text, hear speech, interpret it, measure sentiment and determine which parts are important.']"]},"metadata":{},"execution_count":15}]},{"cell_type":"code","source":["import nltk\n","nltk.download('punkt_tab')"],"metadata":{"colab":{"base_uri":"https://localhost:8080/"},"id":"pcCWgS8KahTp","executionInfo":{"status":"ok","timestamp":1739423230725,"user_tz":-330,"elapsed":894,"user":{"displayName":"Mohammed Parvez","userId":"16593232345013685849"}},"outputId":"63c0f42a-1884-49f4-df04-9d05727547b3"},"execution_count":16,"outputs":[{"output_type":"stream","name":"stderr","text":["[nltk_data] Downloading package punkt_tab to /root/nltk_data...\n","[nltk_data]   Package punkt_tab is already up-to-date!\n"]},{"output_type":"execute_result","data":{"text/plain":["True"]},"metadata":{},"execution_count":16}]},{"cell_type":"code","source":["s=sent_tokenize(var)"],"metadata":{"id":"Rbv8VdxkatXx","executionInfo":{"status":"ok","timestamp":1739423245753,"user_tz":-330,"elapsed":368,"user":{"displayName":"Mohammed Parvez","userId":"16593232345013685849"}}},"execution_count":18,"outputs":[]},{"cell_type":"code","source":["s"],"metadata":{"colab":{"base_uri":"https://localhost:8080/","height":141},"id":"1kaV2kyWaxyC","executionInfo":{"status":"error","timestamp":1739423239543,"user_tz":-330,"elapsed":390,"user":{"displayName":"Mohammed Parvez","userId":"16593232345013685849"}},"outputId":"5994ee74-edfd-4857-ad2d-62876a5da6f2"},"execution_count":17,"outputs":[{"output_type":"error","ename":"NameError","evalue":"name 's' is not defined","traceback":["\u001b[0;31m---------------------------------------------------------------------------\u001b[0m","\u001b[0;31mNameError\u001b[0m                                 Traceback (most recent call last)","\u001b[0;32m<ipython-input-17-ded5ba42480f>\u001b[0m in \u001b[0;36m<cell line: 0>\u001b[0;34m()\u001b[0m\n\u001b[0;32m----> 1\u001b[0;31m \u001b[0ms\u001b[0m\u001b[0;34m\u001b[0m\u001b[0;34m\u001b[0m\u001b[0m\n\u001b[0m","\u001b[0;31mNameError\u001b[0m: name 's' is not defined"]}]},{"cell_type":"code","source":["w=word_tokenize(var)"],"metadata":{"id":"r27-9NQha0SL","executionInfo":{"status":"ok","timestamp":1739423250185,"user_tz":-330,"elapsed":366,"user":{"displayName":"Mohammed Parvez","userId":"16593232345013685849"}}},"execution_count":19,"outputs":[]},{"cell_type":"code","source":["w"],"metadata":{"colab":{"base_uri":"https://localhost:8080/"},"id":"pOhqC-uBa6Po","executionInfo":{"status":"ok","timestamp":1739351372787,"user_tz":-330,"elapsed":3,"user":{"displayName":"Mohammed Parvez","userId":"16593232345013685849"}},"outputId":"ae7be846-544f-40a9-bd58-980e0f17df65"},"execution_count":null,"outputs":[{"output_type":"execute_result","data":{"text/plain":["['Natural',\n"," 'language',\n"," 'processing',\n"," 'helps',\n"," 'computers',\n"," 'communicate',\n"," 'with',\n"," 'humans',\n"," 'in',\n"," 'their',\n"," 'own',\n"," 'language',\n"," 'and',\n"," 'scales',\n"," 'other',\n"," 'language-related',\n"," 'tasks',\n"," '.',\n"," 'For',\n"," 'example',\n"," ',',\n"," 'NLP',\n"," 'makes',\n"," 'it',\n"," 'possible',\n"," 'for',\n"," 'computers',\n"," 'to',\n"," 'read',\n"," 'text',\n"," ',',\n"," 'hear',\n"," 'speech',\n"," ',',\n"," 'interpret',\n"," 'it',\n"," ',',\n"," 'measure',\n"," 'sentiment',\n"," 'and',\n"," 'determine',\n"," 'which',\n"," 'parts',\n"," 'are',\n"," 'important',\n"," '.']"]},"metadata":{},"execution_count":9}]},{"cell_type":"code","source":["from nltk.corpus import stopwords"],"metadata":{"id":"1_1tthlQdBMv","executionInfo":{"status":"ok","timestamp":1739423268073,"user_tz":-330,"elapsed":370,"user":{"displayName":"Mohammed Parvez","userId":"16593232345013685849"}}},"execution_count":24,"outputs":[]},{"cell_type":"code","source":["a=set(stopwords.words('english'))"],"metadata":{"colab":{"base_uri":"https://localhost:8080/","height":1000},"id":"YSZpIS4gdge2","executionInfo":{"status":"error","timestamp":1739423263314,"user_tz":-330,"elapsed":379,"user":{"displayName":"Mohammed Parvez","userId":"16593232345013685849"}},"outputId":"e3b40715-943b-4a5c-8b9c-4f5a75139250"},"execution_count":23,"outputs":[{"output_type":"error","ename":"LookupError","evalue":"\n**********************************************************************\n  Resource \u001b[93mstopwords\u001b[0m not found.\n  Please use the NLTK Downloader to obtain the resource:\n\n  \u001b[31m>>> import nltk\n  >>> nltk.download('stopwords')\n  \u001b[0m\n  For more information see: https://www.nltk.org/data.html\n\n  Attempted to load \u001b[93mcorpora/stopwords\u001b[0m\n\n  Searched in:\n    - '/root/nltk_data'\n    - '/usr/nltk_data'\n    - '/usr/share/nltk_data'\n    - '/usr/lib/nltk_data'\n    - '/usr/share/nltk_data'\n    - '/usr/local/share/nltk_data'\n    - '/usr/lib/nltk_data'\n    - '/usr/local/lib/nltk_data'\n**********************************************************************\n","traceback":["\u001b[0;31m---------------------------------------------------------------------------\u001b[0m","\u001b[0;31mLookupError\u001b[0m                               Traceback (most recent call last)","\u001b[0;32m/usr/local/lib/python3.11/dist-packages/nltk/corpus/util.py\u001b[0m in \u001b[0;36m__load\u001b[0;34m(self)\u001b[0m\n\u001b[1;32m     83\u001b[0m                 \u001b[0;32mtry\u001b[0m\u001b[0;34m:\u001b[0m\u001b[0;34m\u001b[0m\u001b[0;34m\u001b[0m\u001b[0m\n\u001b[0;32m---> 84\u001b[0;31m                     \u001b[0mroot\u001b[0m \u001b[0;34m=\u001b[0m \u001b[0mnltk\u001b[0m\u001b[0;34m.\u001b[0m\u001b[0mdata\u001b[0m\u001b[0;34m.\u001b[0m\u001b[0mfind\u001b[0m\u001b[0;34m(\u001b[0m\u001b[0;34mf\"{self.subdir}/{zip_name}\"\u001b[0m\u001b[0;34m)\u001b[0m\u001b[0;34m\u001b[0m\u001b[0;34m\u001b[0m\u001b[0m\n\u001b[0m\u001b[1;32m     85\u001b[0m                 \u001b[0;32mexcept\u001b[0m \u001b[0mLookupError\u001b[0m\u001b[0;34m:\u001b[0m\u001b[0;34m\u001b[0m\u001b[0;34m\u001b[0m\u001b[0m\n","\u001b[0;32m/usr/local/lib/python3.11/dist-packages/nltk/data.py\u001b[0m in \u001b[0;36mfind\u001b[0;34m(resource_name, paths)\u001b[0m\n\u001b[1;32m    578\u001b[0m     \u001b[0mresource_not_found\u001b[0m \u001b[0;34m=\u001b[0m \u001b[0;34mf\"\\n{sep}\\n{msg}\\n{sep}\\n\"\u001b[0m\u001b[0;34m\u001b[0m\u001b[0;34m\u001b[0m\u001b[0m\n\u001b[0;32m--> 579\u001b[0;31m     \u001b[0;32mraise\u001b[0m \u001b[0mLookupError\u001b[0m\u001b[0;34m(\u001b[0m\u001b[0mresource_not_found\u001b[0m\u001b[0;34m)\u001b[0m\u001b[0;34m\u001b[0m\u001b[0;34m\u001b[0m\u001b[0m\n\u001b[0m\u001b[1;32m    580\u001b[0m \u001b[0;34m\u001b[0m\u001b[0m\n","\u001b[0;31mLookupError\u001b[0m: \n**********************************************************************\n  Resource \u001b[93mstopwords\u001b[0m not found.\n  Please use the NLTK Downloader to obtain the resource:\n\n  \u001b[31m>>> import nltk\n  >>> nltk.download('stopwords')\n  \u001b[0m\n  For more information see: https://www.nltk.org/data.html\n\n  Attempted to load \u001b[93mcorpora/stopwords.zip/stopwords/\u001b[0m\n\n  Searched in:\n    - '/root/nltk_data'\n    - '/usr/nltk_data'\n    - '/usr/share/nltk_data'\n    - '/usr/lib/nltk_data'\n    - '/usr/share/nltk_data'\n    - '/usr/local/share/nltk_data'\n    - '/usr/lib/nltk_data'\n    - '/usr/local/lib/nltk_data'\n**********************************************************************\n","\nDuring handling of the above exception, another exception occurred:\n","\u001b[0;31mLookupError\u001b[0m                               Traceback (most recent call last)","\u001b[0;32m<ipython-input-23-bdb758e85cd8>\u001b[0m in \u001b[0;36m<cell line: 0>\u001b[0;34m()\u001b[0m\n\u001b[0;32m----> 1\u001b[0;31m \u001b[0ma\u001b[0m\u001b[0;34m=\u001b[0m\u001b[0mset\u001b[0m\u001b[0;34m(\u001b[0m\u001b[0mstopwords\u001b[0m\u001b[0;34m.\u001b[0m\u001b[0mwords\u001b[0m\u001b[0;34m(\u001b[0m\u001b[0;34m'english'\u001b[0m\u001b[0;34m)\u001b[0m\u001b[0;34m)\u001b[0m\u001b[0;34m\u001b[0m\u001b[0;34m\u001b[0m\u001b[0m\n\u001b[0m","\u001b[0;32m/usr/local/lib/python3.11/dist-packages/nltk/corpus/util.py\u001b[0m in \u001b[0;36m__getattr__\u001b[0;34m(self, attr)\u001b[0m\n\u001b[1;32m    118\u001b[0m             \u001b[0;32mraise\u001b[0m \u001b[0mAttributeError\u001b[0m\u001b[0;34m(\u001b[0m\u001b[0;34m\"LazyCorpusLoader object has no attribute '__bases__'\"\u001b[0m\u001b[0;34m)\u001b[0m\u001b[0;34m\u001b[0m\u001b[0;34m\u001b[0m\u001b[0m\n\u001b[1;32m    119\u001b[0m \u001b[0;34m\u001b[0m\u001b[0m\n\u001b[0;32m--> 120\u001b[0;31m         \u001b[0mself\u001b[0m\u001b[0;34m.\u001b[0m\u001b[0m__load\u001b[0m\u001b[0;34m(\u001b[0m\u001b[0;34m)\u001b[0m\u001b[0;34m\u001b[0m\u001b[0;34m\u001b[0m\u001b[0m\n\u001b[0m\u001b[1;32m    121\u001b[0m         \u001b[0;31m# This looks circular, but its not, since __load() changes our\u001b[0m\u001b[0;34m\u001b[0m\u001b[0;34m\u001b[0m\u001b[0m\n\u001b[1;32m    122\u001b[0m         \u001b[0;31m# __class__ to something new:\u001b[0m\u001b[0;34m\u001b[0m\u001b[0;34m\u001b[0m\u001b[0m\n","\u001b[0;32m/usr/local/lib/python3.11/dist-packages/nltk/corpus/util.py\u001b[0m in \u001b[0;36m__load\u001b[0;34m(self)\u001b[0m\n\u001b[1;32m     84\u001b[0m                     \u001b[0mroot\u001b[0m \u001b[0;34m=\u001b[0m \u001b[0mnltk\u001b[0m\u001b[0;34m.\u001b[0m\u001b[0mdata\u001b[0m\u001b[0;34m.\u001b[0m\u001b[0mfind\u001b[0m\u001b[0;34m(\u001b[0m\u001b[0;34mf\"{self.subdir}/{zip_name}\"\u001b[0m\u001b[0;34m)\u001b[0m\u001b[0;34m\u001b[0m\u001b[0;34m\u001b[0m\u001b[0m\n\u001b[1;32m     85\u001b[0m                 \u001b[0;32mexcept\u001b[0m \u001b[0mLookupError\u001b[0m\u001b[0;34m:\u001b[0m\u001b[0;34m\u001b[0m\u001b[0;34m\u001b[0m\u001b[0m\n\u001b[0;32m---> 86\u001b[0;31m                     \u001b[0;32mraise\u001b[0m \u001b[0me\u001b[0m\u001b[0;34m\u001b[0m\u001b[0;34m\u001b[0m\u001b[0m\n\u001b[0m\u001b[1;32m     87\u001b[0m \u001b[0;34m\u001b[0m\u001b[0m\n\u001b[1;32m     88\u001b[0m         \u001b[0;31m# Load the corpus.\u001b[0m\u001b[0;34m\u001b[0m\u001b[0;34m\u001b[0m\u001b[0m\n","\u001b[0;32m/usr/local/lib/python3.11/dist-packages/nltk/corpus/util.py\u001b[0m in \u001b[0;36m__load\u001b[0;34m(self)\u001b[0m\n\u001b[1;32m     79\u001b[0m         \u001b[0;32melse\u001b[0m\u001b[0;34m:\u001b[0m\u001b[0;34m\u001b[0m\u001b[0;34m\u001b[0m\u001b[0m\n\u001b[1;32m     80\u001b[0m             \u001b[0;32mtry\u001b[0m\u001b[0;34m:\u001b[0m\u001b[0;34m\u001b[0m\u001b[0;34m\u001b[0m\u001b[0m\n\u001b[0;32m---> 81\u001b[0;31m                 \u001b[0mroot\u001b[0m \u001b[0;34m=\u001b[0m \u001b[0mnltk\u001b[0m\u001b[0;34m.\u001b[0m\u001b[0mdata\u001b[0m\u001b[0;34m.\u001b[0m\u001b[0mfind\u001b[0m\u001b[0;34m(\u001b[0m\u001b[0;34mf\"{self.subdir}/{self.__name}\"\u001b[0m\u001b[0;34m)\u001b[0m\u001b[0;34m\u001b[0m\u001b[0;34m\u001b[0m\u001b[0m\n\u001b[0m\u001b[1;32m     82\u001b[0m             \u001b[0;32mexcept\u001b[0m \u001b[0mLookupError\u001b[0m \u001b[0;32mas\u001b[0m \u001b[0me\u001b[0m\u001b[0;34m:\u001b[0m\u001b[0;34m\u001b[0m\u001b[0;34m\u001b[0m\u001b[0m\n\u001b[1;32m     83\u001b[0m                 \u001b[0;32mtry\u001b[0m\u001b[0;34m:\u001b[0m\u001b[0;34m\u001b[0m\u001b[0;34m\u001b[0m\u001b[0m\n","\u001b[0;32m/usr/local/lib/python3.11/dist-packages/nltk/data.py\u001b[0m in \u001b[0;36mfind\u001b[0;34m(resource_name, paths)\u001b[0m\n\u001b[1;32m    577\u001b[0m     \u001b[0msep\u001b[0m \u001b[0;34m=\u001b[0m \u001b[0;34m\"*\"\u001b[0m \u001b[0;34m*\u001b[0m \u001b[0;36m70\u001b[0m\u001b[0;34m\u001b[0m\u001b[0;34m\u001b[0m\u001b[0m\n\u001b[1;32m    578\u001b[0m     \u001b[0mresource_not_found\u001b[0m \u001b[0;34m=\u001b[0m \u001b[0;34mf\"\\n{sep}\\n{msg}\\n{sep}\\n\"\u001b[0m\u001b[0;34m\u001b[0m\u001b[0;34m\u001b[0m\u001b[0m\n\u001b[0;32m--> 579\u001b[0;31m     \u001b[0;32mraise\u001b[0m \u001b[0mLookupError\u001b[0m\u001b[0;34m(\u001b[0m\u001b[0mresource_not_found\u001b[0m\u001b[0;34m)\u001b[0m\u001b[0;34m\u001b[0m\u001b[0;34m\u001b[0m\u001b[0m\n\u001b[0m\u001b[1;32m    580\u001b[0m \u001b[0;34m\u001b[0m\u001b[0m\n\u001b[1;32m    581\u001b[0m \u001b[0;34m\u001b[0m\u001b[0m\n","\u001b[0;31mLookupError\u001b[0m: \n**********************************************************************\n  Resource \u001b[93mstopwords\u001b[0m not found.\n  Please use the NLTK Downloader to obtain the resource:\n\n  \u001b[31m>>> import nltk\n  >>> nltk.download('stopwords')\n  \u001b[0m\n  For more information see: https://www.nltk.org/data.html\n\n  Attempted to load \u001b[93mcorpora/stopwords\u001b[0m\n\n  Searched in:\n    - '/root/nltk_data'\n    - '/usr/nltk_data'\n    - '/usr/share/nltk_data'\n    - '/usr/lib/nltk_data'\n    - '/usr/share/nltk_data'\n    - '/usr/local/share/nltk_data'\n    - '/usr/lib/nltk_data'\n    - '/usr/local/lib/nltk_data'\n**********************************************************************\n"]}]},{"cell_type":"code","source":["nltk.download('stopwords')"],"metadata":{"colab":{"base_uri":"https://localhost:8080/"},"id":"ZslnEfuLeCgI","executionInfo":{"status":"ok","timestamp":1739423279598,"user_tz":-330,"elapsed":394,"user":{"displayName":"Mohammed Parvez","userId":"16593232345013685849"}},"outputId":"67e4c39a-6dfb-4b76-b8fb-c03e9862b281"},"execution_count":25,"outputs":[{"output_type":"stream","name":"stderr","text":["[nltk_data] Downloading package stopwords to /root/nltk_data...\n","[nltk_data]   Unzipping corpora/stopwords.zip.\n"]},{"output_type":"execute_result","data":{"text/plain":["True"]},"metadata":{},"execution_count":25}]},{"cell_type":"code","source":["a=stopwords.words(\"english\")\n"],"metadata":{"id":"1ji93-vBeFJ5","executionInfo":{"status":"ok","timestamp":1739423281939,"user_tz":-330,"elapsed":471,"user":{"displayName":"Mohammed Parvez","userId":"16593232345013685849"}}},"execution_count":26,"outputs":[]},{"cell_type":"code","source":["a"],"metadata":{"colab":{"base_uri":"https://localhost:8080/"},"id":"MFM3lIEweeqg","executionInfo":{"status":"ok","timestamp":1739352309719,"user_tz":-330,"elapsed":3,"user":{"displayName":"Mohammed Parvez","userId":"16593232345013685849"}},"outputId":"8464a946-e023-4344-de0d-28d669aa8c8d"},"execution_count":null,"outputs":[{"output_type":"execute_result","data":{"text/plain":["['i',\n"," 'me',\n"," 'my',\n"," 'myself',\n"," 'we',\n"," 'our',\n"," 'ours',\n"," 'ourselves',\n"," 'you',\n"," \"you're\",\n"," \"you've\",\n"," \"you'll\",\n"," \"you'd\",\n"," 'your',\n"," 'yours',\n"," 'yourself',\n"," 'yourselves',\n"," 'he',\n"," 'him',\n"," 'his',\n"," 'himself',\n"," 'she',\n"," \"she's\",\n"," 'her',\n"," 'hers',\n"," 'herself',\n"," 'it',\n"," \"it's\",\n"," 'its',\n"," 'itself',\n"," 'they',\n"," 'them',\n"," 'their',\n"," 'theirs',\n"," 'themselves',\n"," 'what',\n"," 'which',\n"," 'who',\n"," 'whom',\n"," 'this',\n"," 'that',\n"," \"that'll\",\n"," 'these',\n"," 'those',\n"," 'am',\n"," 'is',\n"," 'are',\n"," 'was',\n"," 'were',\n"," 'be',\n"," 'been',\n"," 'being',\n"," 'have',\n"," 'has',\n"," 'had',\n"," 'having',\n"," 'do',\n"," 'does',\n"," 'did',\n"," 'doing',\n"," 'a',\n"," 'an',\n"," 'the',\n"," 'and',\n"," 'but',\n"," 'if',\n"," 'or',\n"," 'because',\n"," 'as',\n"," 'until',\n"," 'while',\n"," 'of',\n"," 'at',\n"," 'by',\n"," 'for',\n"," 'with',\n"," 'about',\n"," 'against',\n"," 'between',\n"," 'into',\n"," 'through',\n"," 'during',\n"," 'before',\n"," 'after',\n"," 'above',\n"," 'below',\n"," 'to',\n"," 'from',\n"," 'up',\n"," 'down',\n"," 'in',\n"," 'out',\n"," 'on',\n"," 'off',\n"," 'over',\n"," 'under',\n"," 'again',\n"," 'further',\n"," 'then',\n"," 'once',\n"," 'here',\n"," 'there',\n"," 'when',\n"," 'where',\n"," 'why',\n"," 'how',\n"," 'all',\n"," 'any',\n"," 'both',\n"," 'each',\n"," 'few',\n"," 'more',\n"," 'most',\n"," 'other',\n"," 'some',\n"," 'such',\n"," 'no',\n"," 'nor',\n"," 'not',\n"," 'only',\n"," 'own',\n"," 'same',\n"," 'so',\n"," 'than',\n"," 'too',\n"," 'very',\n"," 's',\n"," 't',\n"," 'can',\n"," 'will',\n"," 'just',\n"," 'don',\n"," \"don't\",\n"," 'should',\n"," \"should've\",\n"," 'now',\n"," 'd',\n"," 'll',\n"," 'm',\n"," 'o',\n"," 're',\n"," 've',\n"," 'y',\n"," 'ain',\n"," 'aren',\n"," \"aren't\",\n"," 'couldn',\n"," \"couldn't\",\n"," 'didn',\n"," \"didn't\",\n"," 'doesn',\n"," \"doesn't\",\n"," 'hadn',\n"," \"hadn't\",\n"," 'hasn',\n"," \"hasn't\",\n"," 'haven',\n"," \"haven't\",\n"," 'isn',\n"," \"isn't\",\n"," 'ma',\n"," 'mightn',\n"," \"mightn't\",\n"," 'mustn',\n"," \"mustn't\",\n"," 'needn',\n"," \"needn't\",\n"," 'shan',\n"," \"shan't\",\n"," 'shouldn',\n"," \"shouldn't\",\n"," 'wasn',\n"," \"wasn't\",\n"," 'weren',\n"," \"weren't\",\n"," 'won',\n"," \"won't\",\n"," 'wouldn',\n"," \"wouldn't\"]"]},"metadata":{},"execution_count":17}]},{"cell_type":"code","source":["from string import punctuation\n","punctuation"],"metadata":{"colab":{"base_uri":"https://localhost:8080/","height":35},"id":"68Wmv2f8esl-","executionInfo":{"status":"ok","timestamp":1739423288821,"user_tz":-330,"elapsed":367,"user":{"displayName":"Mohammed Parvez","userId":"16593232345013685849"}},"outputId":"2519698b-2522-43ce-c43e-6b08a4aacfef"},"execution_count":27,"outputs":[{"output_type":"execute_result","data":{"text/plain":["'!\"#$%&\\'()*+,-./:;<=>?@[\\\\]^_`{|}~'"],"application/vnd.google.colaboratory.intrinsic+json":{"type":"string"}},"metadata":{},"execution_count":27}]},{"cell_type":"code","source":["list(punctuation)"],"metadata":{"colab":{"base_uri":"https://localhost:8080/"},"id":"6ilF0G45fAF3","executionInfo":{"status":"ok","timestamp":1739423290976,"user_tz":-330,"elapsed":380,"user":{"displayName":"Mohammed Parvez","userId":"16593232345013685849"}},"outputId":"2907f58c-a3c0-43a8-f792-0eb21816832a"},"execution_count":28,"outputs":[{"output_type":"execute_result","data":{"text/plain":["['!',\n"," '\"',\n"," '#',\n"," '$',\n"," '%',\n"," '&',\n"," \"'\",\n"," '(',\n"," ')',\n"," '*',\n"," '+',\n"," ',',\n"," '-',\n"," '.',\n"," '/',\n"," ':',\n"," ';',\n"," '<',\n"," '=',\n"," '>',\n"," '?',\n"," '@',\n"," '[',\n"," '\\\\',\n"," ']',\n"," '^',\n"," '_',\n"," '`',\n"," '{',\n"," '|',\n"," '}',\n"," '~']"]},"metadata":{},"execution_count":28}]},{"cell_type":"markdown","source":["Removing stop words and punctions from the above para(var) #Pre-processing\n"],"metadata":{"id":"OXBa_rtUfuBA"}},{"cell_type":"code","source":["b=list(punctuation)+a"],"metadata":{"id":"MZwU33AqgFqH","executionInfo":{"status":"ok","timestamp":1739423294333,"user_tz":-330,"elapsed":368,"user":{"displayName":"Mohammed Parvez","userId":"16593232345013685849"}}},"execution_count":29,"outputs":[]},{"cell_type":"code","source":["for i in w:\n","  if i not in b:\n","    print(i)"],"metadata":{"colab":{"base_uri":"https://localhost:8080/"},"id":"bTl8OZ-LgRiG","executionInfo":{"status":"ok","timestamp":1739423296629,"user_tz":-330,"elapsed":369,"user":{"displayName":"Mohammed Parvez","userId":"16593232345013685849"}},"outputId":"217b5f06-e16c-4bb6-cd6e-3f2e18e30406"},"execution_count":30,"outputs":[{"output_type":"stream","name":"stdout","text":["Natural\n","language\n","processing\n","helps\n","computers\n","communicate\n","humans\n","language\n","scales\n","language-related\n","tasks\n","For\n","example\n","NLP\n","makes\n","possible\n","computers\n","read\n","text\n","hear\n","speech\n","interpret\n","measure\n","sentiment\n","determine\n","parts\n","important\n"]}]},{"cell_type":"markdown","source":["Stem()= It used to remove the affxies from the word\n","Ex- Playing->Play"],"metadata":{"id":"vvs0sJqLifyP"}},{"cell_type":"code","source":["from nltk.stem import LancasterStemmer,RegexpStemmer,PorterStemmer,SnowballStemmer"],"metadata":{"id":"xQe6BtdRi5wV","executionInfo":{"status":"ok","timestamp":1739423320149,"user_tz":-330,"elapsed":392,"user":{"displayName":"Mohammed Parvez","userId":"16593232345013685849"}}},"execution_count":34,"outputs":[]},{"cell_type":"code","source":["l=LancasterStemmer()\n","r=RegexpStemmer(\"englisg\")\n","p=PorterStemmer()\n","s=SnowballStemmer(\"english\")"],"metadata":{"id":"Xj5WTgrOjKVt","executionInfo":{"status":"ok","timestamp":1739423342742,"user_tz":-330,"elapsed":373,"user":{"displayName":"Mohammed Parvez","userId":"16593232345013685849"}}},"execution_count":36,"outputs":[]},{"cell_type":"code","source":["s.stem(\"changing\")"],"metadata":{"colab":{"base_uri":"https://localhost:8080/","height":35},"id":"8bRc-CdNkDom","executionInfo":{"status":"ok","timestamp":1739423349827,"user_tz":-330,"elapsed":371,"user":{"displayName":"Mohammed Parvez","userId":"16593232345013685849"}},"outputId":"60bd8a81-f7b0-4cee-dcdc-565072d26c3e"},"execution_count":37,"outputs":[{"output_type":"execute_result","data":{"text/plain":["'chang'"],"application/vnd.google.colaboratory.intrinsic+json":{"type":"string"}},"metadata":{},"execution_count":37}]},{"cell_type":"code","source":["from nltk.collocations import BigramCollocationFinder, TrigramCollocationFinder, ngrams"],"metadata":{"id":"-wE50poerkvE","executionInfo":{"status":"ok","timestamp":1739423353688,"user_tz":-330,"elapsed":527,"user":{"displayName":"Mohammed Parvez","userId":"16593232345013685849"}}},"execution_count":38,"outputs":[]},{"cell_type":"code","source":["b=BigramCollocationFinder.from_words(w)\n","x=TrigramCollocationFinder.from_words(w)\n","n=ngrams(w,10)"],"metadata":{"id":"B6phfO2UsQWz","executionInfo":{"status":"ok","timestamp":1739423959004,"user_tz":-330,"elapsed":377,"user":{"displayName":"Mohammed Parvez","userId":"16593232345013685849"}}},"execution_count":48,"outputs":[]},{"cell_type":"markdown","source":["n-grams = neighboring sequences of items in a document."],"metadata":{"id":"HnDOKbOWtm1c"}},{"cell_type":"code","source":["b.ngram_fd"],"metadata":{"colab":{"base_uri":"https://localhost:8080/"},"id":"u3V1byzCuSGj","executionInfo":{"status":"ok","timestamp":1739423661657,"user_tz":-330,"elapsed":563,"user":{"displayName":"Mohammed Parvez","userId":"16593232345013685849"}},"outputId":"4b4c4632-b857-434f-ee9f-46a9e165a359"},"execution_count":40,"outputs":[{"output_type":"execute_result","data":{"text/plain":["FreqDist({('Natural', 'language'): 1, ('language', 'processing'): 1, ('processing', 'helps'): 1, ('helps', 'computers'): 1, ('computers', 'communicate'): 1, ('communicate', 'with'): 1, ('with', 'humans'): 1, ('humans', 'in'): 1, ('in', 'their'): 1, ('their', 'own'): 1, ...})"]},"metadata":{},"execution_count":40}]},{"cell_type":"code","source":["x.ngram_fd"],"metadata":{"colab":{"base_uri":"https://localhost:8080/"},"id":"LU68adrcu_Nc","executionInfo":{"status":"ok","timestamp":1739423758276,"user_tz":-330,"elapsed":490,"user":{"displayName":"Mohammed Parvez","userId":"16593232345013685849"}},"outputId":"2cf41138-8245-483f-f357-a9e6ce7b3126"},"execution_count":42,"outputs":[{"output_type":"execute_result","data":{"text/plain":["FreqDist({('Natural', 'language', 'processing'): 1, ('language', 'processing', 'helps'): 1, ('processing', 'helps', 'computers'): 1, ('helps', 'computers', 'communicate'): 1, ('computers', 'communicate', 'with'): 1, ('communicate', 'with', 'humans'): 1, ('with', 'humans', 'in'): 1, ('humans', 'in', 'their'): 1, ('in', 'their', 'own'): 1, ('their', 'own', 'language'): 1, ...})"]},"metadata":{},"execution_count":42}]},{"cell_type":"code","source":["for i in n:\n","  print(i)"],"metadata":{"colab":{"base_uri":"https://localhost:8080/"},"id":"naUZTcICvYVK","executionInfo":{"status":"ok","timestamp":1739423962840,"user_tz":-330,"elapsed":404,"user":{"displayName":"Mohammed Parvez","userId":"16593232345013685849"}},"outputId":"688f33b4-d8f1-459f-c8b2-c79d3558a953"},"execution_count":49,"outputs":[{"output_type":"stream","name":"stdout","text":["('Natural', 'language', 'processing', 'helps', 'computers', 'communicate', 'with', 'humans', 'in', 'their')\n","('language', 'processing', 'helps', 'computers', 'communicate', 'with', 'humans', 'in', 'their', 'own')\n","('processing', 'helps', 'computers', 'communicate', 'with', 'humans', 'in', 'their', 'own', 'language')\n","('helps', 'computers', 'communicate', 'with', 'humans', 'in', 'their', 'own', 'language', 'and')\n","('computers', 'communicate', 'with', 'humans', 'in', 'their', 'own', 'language', 'and', 'scales')\n","('communicate', 'with', 'humans', 'in', 'their', 'own', 'language', 'and', 'scales', 'other')\n","('with', 'humans', 'in', 'their', 'own', 'language', 'and', 'scales', 'other', 'language-related')\n","('humans', 'in', 'their', 'own', 'language', 'and', 'scales', 'other', 'language-related', 'tasks')\n","('in', 'their', 'own', 'language', 'and', 'scales', 'other', 'language-related', 'tasks', '.')\n","('their', 'own', 'language', 'and', 'scales', 'other', 'language-related', 'tasks', '.', 'For')\n","('own', 'language', 'and', 'scales', 'other', 'language-related', 'tasks', '.', 'For', 'example')\n","('language', 'and', 'scales', 'other', 'language-related', 'tasks', '.', 'For', 'example', ',')\n","('and', 'scales', 'other', 'language-related', 'tasks', '.', 'For', 'example', ',', 'NLP')\n","('scales', 'other', 'language-related', 'tasks', '.', 'For', 'example', ',', 'NLP', 'makes')\n","('other', 'language-related', 'tasks', '.', 'For', 'example', ',', 'NLP', 'makes', 'it')\n","('language-related', 'tasks', '.', 'For', 'example', ',', 'NLP', 'makes', 'it', 'possible')\n","('tasks', '.', 'For', 'example', ',', 'NLP', 'makes', 'it', 'possible', 'for')\n","('.', 'For', 'example', ',', 'NLP', 'makes', 'it', 'possible', 'for', 'computers')\n","('For', 'example', ',', 'NLP', 'makes', 'it', 'possible', 'for', 'computers', 'to')\n","('example', ',', 'NLP', 'makes', 'it', 'possible', 'for', 'computers', 'to', 'read')\n","(',', 'NLP', 'makes', 'it', 'possible', 'for', 'computers', 'to', 'read', 'text')\n","('NLP', 'makes', 'it', 'possible', 'for', 'computers', 'to', 'read', 'text', ',')\n","('makes', 'it', 'possible', 'for', 'computers', 'to', 'read', 'text', ',', 'hear')\n","('it', 'possible', 'for', 'computers', 'to', 'read', 'text', ',', 'hear', 'speech')\n","('possible', 'for', 'computers', 'to', 'read', 'text', ',', 'hear', 'speech', ',')\n","('for', 'computers', 'to', 'read', 'text', ',', 'hear', 'speech', ',', 'interpret')\n","('computers', 'to', 'read', 'text', ',', 'hear', 'speech', ',', 'interpret', 'it')\n","('to', 'read', 'text', ',', 'hear', 'speech', ',', 'interpret', 'it', ',')\n","('read', 'text', ',', 'hear', 'speech', ',', 'interpret', 'it', ',', 'measure')\n","('text', ',', 'hear', 'speech', ',', 'interpret', 'it', ',', 'measure', 'sentiment')\n","(',', 'hear', 'speech', ',', 'interpret', 'it', ',', 'measure', 'sentiment', 'and')\n","('hear', 'speech', ',', 'interpret', 'it', ',', 'measure', 'sentiment', 'and', 'determine')\n","('speech', ',', 'interpret', 'it', ',', 'measure', 'sentiment', 'and', 'determine', 'which')\n","(',', 'interpret', 'it', ',', 'measure', 'sentiment', 'and', 'determine', 'which', 'parts')\n","('interpret', 'it', ',', 'measure', 'sentiment', 'and', 'determine', 'which', 'parts', 'are')\n","('it', ',', 'measure', 'sentiment', 'and', 'determine', 'which', 'parts', 'are', 'important')\n","(',', 'measure', 'sentiment', 'and', 'determine', 'which', 'parts', 'are', 'important', '.')\n"]}]},{"cell_type":"markdown","source":["Count Vectorizer= Breaking Down sentence.Thus, Converting all words to Lowercase and removing special characters.then Converting into numbers."],"metadata":{"id":"LJxekvAnwchq"}},{"cell_type":"code","source":["l=[\"i am parvez\",\"i am sravan\",\"i am aditya\"]"],"metadata":{"id":"Fx-x_KFG0ItN","executionInfo":{"status":"ok","timestamp":1739425564046,"user_tz":-330,"elapsed":431,"user":{"displayName":"Mohammed Parvez","userId":"16593232345013685849"}}},"execution_count":57,"outputs":[]},{"cell_type":"code","source":["import pandas as pd"],"metadata":{"id":"_5JYCxjg08mF","executionInfo":{"status":"ok","timestamp":1739425326585,"user_tz":-330,"elapsed":372,"user":{"displayName":"Mohammed Parvez","userId":"16593232345013685849"}}},"execution_count":51,"outputs":[]},{"cell_type":"code","source":["df=pd.DataFrame({\"\":l})\n","df"],"metadata":{"colab":{"base_uri":"https://localhost:8080/","height":126},"id":"taONkkqG1DGs","executionInfo":{"status":"ok","timestamp":1739426118398,"user_tz":-330,"elapsed":390,"user":{"displayName":"Mohammed Parvez","userId":"16593232345013685849"}},"outputId":"7cf7c785-cf83-434b-a5ed-aec2d0727a63"},"execution_count":59,"outputs":[{"output_type":"execute_result","data":{"text/plain":["              \n","0  i am parvez\n","1  i am sravan\n","2  i am aditya"],"text/html":["\n","  <div id=\"df-de151e78-02a8-4f5b-9198-a7aaf6f4f2c4\" class=\"colab-df-container\">\n","    <div>\n","<style scoped>\n","    .dataframe tbody tr th:only-of-type {\n","        vertical-align: middle;\n","    }\n","\n","    .dataframe tbody tr th {\n","        vertical-align: top;\n","    }\n","\n","    .dataframe thead th {\n","        text-align: right;\n","    }\n","</style>\n","<table border=\"1\" class=\"dataframe\">\n","  <thead>\n","    <tr style=\"text-align: right;\">\n","      <th></th>\n","      <th></th>\n","    </tr>\n","  </thead>\n","  <tbody>\n","    <tr>\n","      <th>0</th>\n","      <td>i am parvez</td>\n","    </tr>\n","    <tr>\n","      <th>1</th>\n","      <td>i am sravan</td>\n","    </tr>\n","    <tr>\n","      <th>2</th>\n","      <td>i am aditya</td>\n","    </tr>\n","  </tbody>\n","</table>\n","</div>\n","    <div class=\"colab-df-buttons\">\n","\n","  <div class=\"colab-df-container\">\n","    <button class=\"colab-df-convert\" onclick=\"convertToInteractive('df-de151e78-02a8-4f5b-9198-a7aaf6f4f2c4')\"\n","            title=\"Convert this dataframe to an interactive table.\"\n","            style=\"display:none;\">\n","\n","  <svg xmlns=\"http://www.w3.org/2000/svg\" height=\"24px\" viewBox=\"0 -960 960 960\">\n","    <path d=\"M120-120v-720h720v720H120Zm60-500h600v-160H180v160Zm220 220h160v-160H400v160Zm0 220h160v-160H400v160ZM180-400h160v-160H180v160Zm440 0h160v-160H620v160ZM180-180h160v-160H180v160Zm440 0h160v-160H620v160Z\"/>\n","  </svg>\n","    </button>\n","\n","  <style>\n","    .colab-df-container {\n","      display:flex;\n","      gap: 12px;\n","    }\n","\n","    .colab-df-convert {\n","      background-color: #E8F0FE;\n","      border: none;\n","      border-radius: 50%;\n","      cursor: pointer;\n","      display: none;\n","      fill: #1967D2;\n","      height: 32px;\n","      padding: 0 0 0 0;\n","      width: 32px;\n","    }\n","\n","    .colab-df-convert:hover {\n","      background-color: #E2EBFA;\n","      box-shadow: 0px 1px 2px rgba(60, 64, 67, 0.3), 0px 1px 3px 1px rgba(60, 64, 67, 0.15);\n","      fill: #174EA6;\n","    }\n","\n","    .colab-df-buttons div {\n","      margin-bottom: 4px;\n","    }\n","\n","    [theme=dark] .colab-df-convert {\n","      background-color: #3B4455;\n","      fill: #D2E3FC;\n","    }\n","\n","    [theme=dark] .colab-df-convert:hover {\n","      background-color: #434B5C;\n","      box-shadow: 0px 1px 3px 1px rgba(0, 0, 0, 0.15);\n","      filter: drop-shadow(0px 1px 2px rgba(0, 0, 0, 0.3));\n","      fill: #FFFFFF;\n","    }\n","  </style>\n","\n","    <script>\n","      const buttonEl =\n","        document.querySelector('#df-de151e78-02a8-4f5b-9198-a7aaf6f4f2c4 button.colab-df-convert');\n","      buttonEl.style.display =\n","        google.colab.kernel.accessAllowed ? 'block' : 'none';\n","\n","      async function convertToInteractive(key) {\n","        const element = document.querySelector('#df-de151e78-02a8-4f5b-9198-a7aaf6f4f2c4');\n","        const dataTable =\n","          await google.colab.kernel.invokeFunction('convertToInteractive',\n","                                                    [key], {});\n","        if (!dataTable) return;\n","\n","        const docLinkHtml = 'Like what you see? Visit the ' +\n","          '<a target=\"_blank\" href=https://colab.research.google.com/notebooks/data_table.ipynb>data table notebook</a>'\n","          + ' to learn more about interactive tables.';\n","        element.innerHTML = '';\n","        dataTable['output_type'] = 'display_data';\n","        await google.colab.output.renderOutput(dataTable, element);\n","        const docLink = document.createElement('div');\n","        docLink.innerHTML = docLinkHtml;\n","        element.appendChild(docLink);\n","      }\n","    </script>\n","  </div>\n","\n","\n","<div id=\"df-41561fa1-bcaa-44cc-ac3e-000408246e0d\">\n","  <button class=\"colab-df-quickchart\" onclick=\"quickchart('df-41561fa1-bcaa-44cc-ac3e-000408246e0d')\"\n","            title=\"Suggest charts\"\n","            style=\"display:none;\">\n","\n","<svg xmlns=\"http://www.w3.org/2000/svg\" height=\"24px\"viewBox=\"0 0 24 24\"\n","     width=\"24px\">\n","    <g>\n","        <path d=\"M19 3H5c-1.1 0-2 .9-2 2v14c0 1.1.9 2 2 2h14c1.1 0 2-.9 2-2V5c0-1.1-.9-2-2-2zM9 17H7v-7h2v7zm4 0h-2V7h2v10zm4 0h-2v-4h2v4z\"/>\n","    </g>\n","</svg>\n","  </button>\n","\n","<style>\n","  .colab-df-quickchart {\n","      --bg-color: #E8F0FE;\n","      --fill-color: #1967D2;\n","      --hover-bg-color: #E2EBFA;\n","      --hover-fill-color: #174EA6;\n","      --disabled-fill-color: #AAA;\n","      --disabled-bg-color: #DDD;\n","  }\n","\n","  [theme=dark] .colab-df-quickchart {\n","      --bg-color: #3B4455;\n","      --fill-color: #D2E3FC;\n","      --hover-bg-color: #434B5C;\n","      --hover-fill-color: #FFFFFF;\n","      --disabled-bg-color: #3B4455;\n","      --disabled-fill-color: #666;\n","  }\n","\n","  .colab-df-quickchart {\n","    background-color: var(--bg-color);\n","    border: none;\n","    border-radius: 50%;\n","    cursor: pointer;\n","    display: none;\n","    fill: var(--fill-color);\n","    height: 32px;\n","    padding: 0;\n","    width: 32px;\n","  }\n","\n","  .colab-df-quickchart:hover {\n","    background-color: var(--hover-bg-color);\n","    box-shadow: 0 1px 2px rgba(60, 64, 67, 0.3), 0 1px 3px 1px rgba(60, 64, 67, 0.15);\n","    fill: var(--button-hover-fill-color);\n","  }\n","\n","  .colab-df-quickchart-complete:disabled,\n","  .colab-df-quickchart-complete:disabled:hover {\n","    background-color: var(--disabled-bg-color);\n","    fill: var(--disabled-fill-color);\n","    box-shadow: none;\n","  }\n","\n","  .colab-df-spinner {\n","    border: 2px solid var(--fill-color);\n","    border-color: transparent;\n","    border-bottom-color: var(--fill-color);\n","    animation:\n","      spin 1s steps(1) infinite;\n","  }\n","\n","  @keyframes spin {\n","    0% {\n","      border-color: transparent;\n","      border-bottom-color: var(--fill-color);\n","      border-left-color: var(--fill-color);\n","    }\n","    20% {\n","      border-color: transparent;\n","      border-left-color: var(--fill-color);\n","      border-top-color: var(--fill-color);\n","    }\n","    30% {\n","      border-color: transparent;\n","      border-left-color: var(--fill-color);\n","      border-top-color: var(--fill-color);\n","      border-right-color: var(--fill-color);\n","    }\n","    40% {\n","      border-color: transparent;\n","      border-right-color: var(--fill-color);\n","      border-top-color: var(--fill-color);\n","    }\n","    60% {\n","      border-color: transparent;\n","      border-right-color: var(--fill-color);\n","    }\n","    80% {\n","      border-color: transparent;\n","      border-right-color: var(--fill-color);\n","      border-bottom-color: var(--fill-color);\n","    }\n","    90% {\n","      border-color: transparent;\n","      border-bottom-color: var(--fill-color);\n","    }\n","  }\n","</style>\n","\n","  <script>\n","    async function quickchart(key) {\n","      const quickchartButtonEl =\n","        document.querySelector('#' + key + ' button');\n","      quickchartButtonEl.disabled = true;  // To prevent multiple clicks.\n","      quickchartButtonEl.classList.add('colab-df-spinner');\n","      try {\n","        const charts = await google.colab.kernel.invokeFunction(\n","            'suggestCharts', [key], {});\n","      } catch (error) {\n","        console.error('Error during call to suggestCharts:', error);\n","      }\n","      quickchartButtonEl.classList.remove('colab-df-spinner');\n","      quickchartButtonEl.classList.add('colab-df-quickchart-complete');\n","    }\n","    (() => {\n","      let quickchartButtonEl =\n","        document.querySelector('#df-41561fa1-bcaa-44cc-ac3e-000408246e0d button');\n","      quickchartButtonEl.style.display =\n","        google.colab.kernel.accessAllowed ? 'block' : 'none';\n","    })();\n","  </script>\n","</div>\n","\n","  <div id=\"id_0fee1e5c-8347-42a7-b66e-00abd071637c\">\n","    <style>\n","      .colab-df-generate {\n","        background-color: #E8F0FE;\n","        border: none;\n","        border-radius: 50%;\n","        cursor: pointer;\n","        display: none;\n","        fill: #1967D2;\n","        height: 32px;\n","        padding: 0 0 0 0;\n","        width: 32px;\n","      }\n","\n","      .colab-df-generate:hover {\n","        background-color: #E2EBFA;\n","        box-shadow: 0px 1px 2px rgba(60, 64, 67, 0.3), 0px 1px 3px 1px rgba(60, 64, 67, 0.15);\n","        fill: #174EA6;\n","      }\n","\n","      [theme=dark] .colab-df-generate {\n","        background-color: #3B4455;\n","        fill: #D2E3FC;\n","      }\n","\n","      [theme=dark] .colab-df-generate:hover {\n","        background-color: #434B5C;\n","        box-shadow: 0px 1px 3px 1px rgba(0, 0, 0, 0.15);\n","        filter: drop-shadow(0px 1px 2px rgba(0, 0, 0, 0.3));\n","        fill: #FFFFFF;\n","      }\n","    </style>\n","    <button class=\"colab-df-generate\" onclick=\"generateWithVariable('df')\"\n","            title=\"Generate code using this dataframe.\"\n","            style=\"display:none;\">\n","\n","  <svg xmlns=\"http://www.w3.org/2000/svg\" height=\"24px\"viewBox=\"0 0 24 24\"\n","       width=\"24px\">\n","    <path d=\"M7,19H8.4L18.45,9,17,7.55,7,17.6ZM5,21V16.75L18.45,3.32a2,2,0,0,1,2.83,0l1.4,1.43a1.91,1.91,0,0,1,.58,1.4,1.91,1.91,0,0,1-.58,1.4L9.25,21ZM18.45,9,17,7.55Zm-12,3A5.31,5.31,0,0,0,4.9,8.1,5.31,5.31,0,0,0,1,6.5,5.31,5.31,0,0,0,4.9,4.9,5.31,5.31,0,0,0,6.5,1,5.31,5.31,0,0,0,8.1,4.9,5.31,5.31,0,0,0,12,6.5,5.46,5.46,0,0,0,6.5,12Z\"/>\n","  </svg>\n","    </button>\n","    <script>\n","      (() => {\n","      const buttonEl =\n","        document.querySelector('#id_0fee1e5c-8347-42a7-b66e-00abd071637c button.colab-df-generate');\n","      buttonEl.style.display =\n","        google.colab.kernel.accessAllowed ? 'block' : 'none';\n","\n","      buttonEl.onclick = () => {\n","        google.colab.notebook.generateWithVariable('df');\n","      }\n","      })();\n","    </script>\n","  </div>\n","\n","    </div>\n","  </div>\n"],"application/vnd.google.colaboratory.intrinsic+json":{"type":"dataframe","variable_name":"df","summary":"{\n  \"name\": \"df\",\n  \"rows\": 3,\n  \"fields\": [\n    {\n      \"column\": \"\",\n      \"properties\": {\n        \"dtype\": \"string\",\n        \"num_unique_values\": 3,\n        \"samples\": [\n          \"i am parvez\",\n          \"i am sravan\",\n          \"i am aditya\"\n        ],\n        \"semantic_type\": \"\",\n        \"description\": \"\"\n      }\n    }\n  ]\n}"}},"metadata":{},"execution_count":59}]},{"cell_type":"code","source":["from sklearn.feature_extraction.text import CountVectorizer\n","cv= CountVectorizer()\n","new=cv.fit_transform(df[\"\"]).toarray()"],"metadata":{"id":"z9JIl-jd4EYD","executionInfo":{"status":"ok","timestamp":1739426247689,"user_tz":-330,"elapsed":378,"user":{"displayName":"Mohammed Parvez","userId":"16593232345013685849"}}},"execution_count":63,"outputs":[]},{"cell_type":"code","source":["new"],"metadata":{"colab":{"base_uri":"https://localhost:8080/"},"id":"DXFYXYKu4lQS","executionInfo":{"status":"ok","timestamp":1739426260211,"user_tz":-330,"elapsed":8,"user":{"displayName":"Mohammed Parvez","userId":"16593232345013685849"}},"outputId":"b0a5b678-445f-4ab2-f2ea-9f8f1daceb2a"},"execution_count":64,"outputs":[{"output_type":"execute_result","data":{"text/plain":["array([[0, 1, 1, 0],\n","       [0, 1, 0, 1],\n","       [1, 1, 0, 0]])"]},"metadata":{},"execution_count":64}]},{"cell_type":"code","source":["cv.vocabulary_"],"metadata":{"colab":{"base_uri":"https://localhost:8080/"},"id":"1GXRaHX74wZh","executionInfo":{"status":"ok","timestamp":1739426320286,"user_tz":-330,"elapsed":376,"user":{"displayName":"Mohammed Parvez","userId":"16593232345013685849"}},"outputId":"5de5bc57-8233-470c-f362-b54a7c5eafa4"},"execution_count":65,"outputs":[{"output_type":"execute_result","data":{"text/plain":["{'am': 1, 'parvez': 2, 'sravan': 3, 'aditya': 0}"]},"metadata":{},"execution_count":65}]},{"cell_type":"markdown","source":["Word Sense Disambiguation: which the meaning of a word is determined, which is used in particular context."],"metadata":{"id":"qeYdnDAe5DUR"}},{"cell_type":"code","source":["x=\"Sunrise (or sunup) is the moment when the upper rim of the Sun appears on the horizon in the morning,[1] at the start of the Sun path. The term can also refer to the entire process of the solar disk crossing the horizon.\""],"metadata":{"id":"ePN8jP9P6M_d","executionInfo":{"status":"ok","timestamp":1739426748842,"user_tz":-330,"elapsed":403,"user":{"displayName":"Mohammed Parvez","userId":"16593232345013685849"}}},"execution_count":66,"outputs":[]},{"cell_type":"code","source":["from nltk.wsd import lesk\n","from nltk.tokenize import word_tokenize"],"metadata":{"id":"2ak0kY3h6dmz","executionInfo":{"status":"ok","timestamp":1739426965333,"user_tz":-330,"elapsed":408,"user":{"displayName":"Mohammed Parvez","userId":"16593232345013685849"}}},"execution_count":69,"outputs":[]},{"cell_type":"code","source":["l=lesk(word_tokenize(x),\"sun\")"],"metadata":{"colab":{"base_uri":"https://localhost:8080/","height":1000},"id":"NJ5x6FXQ60yR","executionInfo":{"status":"error","timestamp":1739426967874,"user_tz":-330,"elapsed":416,"user":{"displayName":"Mohammed Parvez","userId":"16593232345013685849"}},"outputId":"d3b21a7c-ad43-4969-9fe0-51e305d7faa2"},"execution_count":70,"outputs":[{"output_type":"error","ename":"LookupError","evalue":"\n**********************************************************************\n  Resource \u001b[93mwordnet\u001b[0m not found.\n  Please use the NLTK Downloader to obtain the resource:\n\n  \u001b[31m>>> import nltk\n  >>> nltk.download('wordnet')\n  \u001b[0m\n  For more information see: https://www.nltk.org/data.html\n\n  Attempted to load \u001b[93mcorpora/wordnet\u001b[0m\n\n  Searched in:\n    - '/root/nltk_data'\n    - '/usr/nltk_data'\n    - '/usr/share/nltk_data'\n    - '/usr/lib/nltk_data'\n    - '/usr/share/nltk_data'\n    - '/usr/local/share/nltk_data'\n    - '/usr/lib/nltk_data'\n    - '/usr/local/lib/nltk_data'\n**********************************************************************\n","traceback":["\u001b[0;31m---------------------------------------------------------------------------\u001b[0m","\u001b[0;31mLookupError\u001b[0m                               Traceback (most recent call last)","\u001b[0;32m/usr/local/lib/python3.11/dist-packages/nltk/corpus/util.py\u001b[0m in \u001b[0;36m__load\u001b[0;34m(self)\u001b[0m\n\u001b[1;32m     83\u001b[0m                 \u001b[0;32mtry\u001b[0m\u001b[0;34m:\u001b[0m\u001b[0;34m\u001b[0m\u001b[0;34m\u001b[0m\u001b[0m\n\u001b[0;32m---> 84\u001b[0;31m                     \u001b[0mroot\u001b[0m \u001b[0;34m=\u001b[0m \u001b[0mnltk\u001b[0m\u001b[0;34m.\u001b[0m\u001b[0mdata\u001b[0m\u001b[0;34m.\u001b[0m\u001b[0mfind\u001b[0m\u001b[0;34m(\u001b[0m\u001b[0;34mf\"{self.subdir}/{zip_name}\"\u001b[0m\u001b[0;34m)\u001b[0m\u001b[0;34m\u001b[0m\u001b[0;34m\u001b[0m\u001b[0m\n\u001b[0m\u001b[1;32m     85\u001b[0m                 \u001b[0;32mexcept\u001b[0m \u001b[0mLookupError\u001b[0m\u001b[0;34m:\u001b[0m\u001b[0;34m\u001b[0m\u001b[0;34m\u001b[0m\u001b[0m\n","\u001b[0;32m/usr/local/lib/python3.11/dist-packages/nltk/data.py\u001b[0m in \u001b[0;36mfind\u001b[0;34m(resource_name, paths)\u001b[0m\n\u001b[1;32m    578\u001b[0m     \u001b[0mresource_not_found\u001b[0m \u001b[0;34m=\u001b[0m \u001b[0;34mf\"\\n{sep}\\n{msg}\\n{sep}\\n\"\u001b[0m\u001b[0;34m\u001b[0m\u001b[0;34m\u001b[0m\u001b[0m\n\u001b[0;32m--> 579\u001b[0;31m     \u001b[0;32mraise\u001b[0m \u001b[0mLookupError\u001b[0m\u001b[0;34m(\u001b[0m\u001b[0mresource_not_found\u001b[0m\u001b[0;34m)\u001b[0m\u001b[0;34m\u001b[0m\u001b[0;34m\u001b[0m\u001b[0m\n\u001b[0m\u001b[1;32m    580\u001b[0m \u001b[0;34m\u001b[0m\u001b[0m\n","\u001b[0;31mLookupError\u001b[0m: \n**********************************************************************\n  Resource \u001b[93mwordnet\u001b[0m not found.\n  Please use the NLTK Downloader to obtain the resource:\n\n  \u001b[31m>>> import nltk\n  >>> nltk.download('wordnet')\n  \u001b[0m\n  For more information see: https://www.nltk.org/data.html\n\n  Attempted to load \u001b[93mcorpora/wordnet.zip/wordnet/\u001b[0m\n\n  Searched in:\n    - '/root/nltk_data'\n    - '/usr/nltk_data'\n    - '/usr/share/nltk_data'\n    - '/usr/lib/nltk_data'\n    - '/usr/share/nltk_data'\n    - '/usr/local/share/nltk_data'\n    - '/usr/lib/nltk_data'\n    - '/usr/local/lib/nltk_data'\n**********************************************************************\n","\nDuring handling of the above exception, another exception occurred:\n","\u001b[0;31mLookupError\u001b[0m                               Traceback (most recent call last)","\u001b[0;32m<ipython-input-70-5fa88cd94f09>\u001b[0m in \u001b[0;36m<cell line: 0>\u001b[0;34m()\u001b[0m\n\u001b[0;32m----> 1\u001b[0;31m \u001b[0ml\u001b[0m\u001b[0;34m=\u001b[0m\u001b[0mlesk\u001b[0m\u001b[0;34m(\u001b[0m\u001b[0mword_tokenize\u001b[0m\u001b[0;34m(\u001b[0m\u001b[0mx\u001b[0m\u001b[0;34m)\u001b[0m\u001b[0;34m,\u001b[0m\u001b[0;34m\"sun\"\u001b[0m\u001b[0;34m)\u001b[0m\u001b[0;34m\u001b[0m\u001b[0;34m\u001b[0m\u001b[0m\n\u001b[0m","\u001b[0;32m/usr/local/lib/python3.11/dist-packages/nltk/wsd.py\u001b[0m in \u001b[0;36mlesk\u001b[0;34m(context_sentence, ambiguous_word, pos, synsets, lang)\u001b[0m\n\u001b[1;32m     38\u001b[0m     \u001b[0mcontext\u001b[0m \u001b[0;34m=\u001b[0m \u001b[0mset\u001b[0m\u001b[0;34m(\u001b[0m\u001b[0mcontext_sentence\u001b[0m\u001b[0;34m)\u001b[0m\u001b[0;34m\u001b[0m\u001b[0;34m\u001b[0m\u001b[0m\n\u001b[1;32m     39\u001b[0m     \u001b[0;32mif\u001b[0m \u001b[0msynsets\u001b[0m \u001b[0;32mis\u001b[0m \u001b[0;32mNone\u001b[0m\u001b[0;34m:\u001b[0m\u001b[0;34m\u001b[0m\u001b[0;34m\u001b[0m\u001b[0m\n\u001b[0;32m---> 40\u001b[0;31m         \u001b[0msynsets\u001b[0m \u001b[0;34m=\u001b[0m \u001b[0mwordnet\u001b[0m\u001b[0;34m.\u001b[0m\u001b[0msynsets\u001b[0m\u001b[0;34m(\u001b[0m\u001b[0mambiguous_word\u001b[0m\u001b[0;34m,\u001b[0m \u001b[0mlang\u001b[0m\u001b[0;34m=\u001b[0m\u001b[0mlang\u001b[0m\u001b[0;34m)\u001b[0m\u001b[0;34m\u001b[0m\u001b[0;34m\u001b[0m\u001b[0m\n\u001b[0m\u001b[1;32m     41\u001b[0m \u001b[0;34m\u001b[0m\u001b[0m\n\u001b[1;32m     42\u001b[0m     \u001b[0;32mif\u001b[0m \u001b[0mpos\u001b[0m\u001b[0;34m:\u001b[0m\u001b[0;34m\u001b[0m\u001b[0;34m\u001b[0m\u001b[0m\n","\u001b[0;32m/usr/local/lib/python3.11/dist-packages/nltk/corpus/util.py\u001b[0m in \u001b[0;36m__getattr__\u001b[0;34m(self, attr)\u001b[0m\n\u001b[1;32m    118\u001b[0m             \u001b[0;32mraise\u001b[0m \u001b[0mAttributeError\u001b[0m\u001b[0;34m(\u001b[0m\u001b[0;34m\"LazyCorpusLoader object has no attribute '__bases__'\"\u001b[0m\u001b[0;34m)\u001b[0m\u001b[0;34m\u001b[0m\u001b[0;34m\u001b[0m\u001b[0m\n\u001b[1;32m    119\u001b[0m \u001b[0;34m\u001b[0m\u001b[0m\n\u001b[0;32m--> 120\u001b[0;31m         \u001b[0mself\u001b[0m\u001b[0;34m.\u001b[0m\u001b[0m__load\u001b[0m\u001b[0;34m(\u001b[0m\u001b[0;34m)\u001b[0m\u001b[0;34m\u001b[0m\u001b[0;34m\u001b[0m\u001b[0m\n\u001b[0m\u001b[1;32m    121\u001b[0m         \u001b[0;31m# This looks circular, but its not, since __load() changes our\u001b[0m\u001b[0;34m\u001b[0m\u001b[0;34m\u001b[0m\u001b[0m\n\u001b[1;32m    122\u001b[0m         \u001b[0;31m# __class__ to something new:\u001b[0m\u001b[0;34m\u001b[0m\u001b[0;34m\u001b[0m\u001b[0m\n","\u001b[0;32m/usr/local/lib/python3.11/dist-packages/nltk/corpus/util.py\u001b[0m in \u001b[0;36m__load\u001b[0;34m(self)\u001b[0m\n\u001b[1;32m     84\u001b[0m                     \u001b[0mroot\u001b[0m \u001b[0;34m=\u001b[0m \u001b[0mnltk\u001b[0m\u001b[0;34m.\u001b[0m\u001b[0mdata\u001b[0m\u001b[0;34m.\u001b[0m\u001b[0mfind\u001b[0m\u001b[0;34m(\u001b[0m\u001b[0;34mf\"{self.subdir}/{zip_name}\"\u001b[0m\u001b[0;34m)\u001b[0m\u001b[0;34m\u001b[0m\u001b[0;34m\u001b[0m\u001b[0m\n\u001b[1;32m     85\u001b[0m                 \u001b[0;32mexcept\u001b[0m \u001b[0mLookupError\u001b[0m\u001b[0;34m:\u001b[0m\u001b[0;34m\u001b[0m\u001b[0;34m\u001b[0m\u001b[0m\n\u001b[0;32m---> 86\u001b[0;31m                     \u001b[0;32mraise\u001b[0m \u001b[0me\u001b[0m\u001b[0;34m\u001b[0m\u001b[0;34m\u001b[0m\u001b[0m\n\u001b[0m\u001b[1;32m     87\u001b[0m \u001b[0;34m\u001b[0m\u001b[0m\n\u001b[1;32m     88\u001b[0m         \u001b[0;31m# Load the corpus.\u001b[0m\u001b[0;34m\u001b[0m\u001b[0;34m\u001b[0m\u001b[0m\n","\u001b[0;32m/usr/local/lib/python3.11/dist-packages/nltk/corpus/util.py\u001b[0m in \u001b[0;36m__load\u001b[0;34m(self)\u001b[0m\n\u001b[1;32m     79\u001b[0m         \u001b[0;32melse\u001b[0m\u001b[0;34m:\u001b[0m\u001b[0;34m\u001b[0m\u001b[0;34m\u001b[0m\u001b[0m\n\u001b[1;32m     80\u001b[0m             \u001b[0;32mtry\u001b[0m\u001b[0;34m:\u001b[0m\u001b[0;34m\u001b[0m\u001b[0;34m\u001b[0m\u001b[0m\n\u001b[0;32m---> 81\u001b[0;31m                 \u001b[0mroot\u001b[0m \u001b[0;34m=\u001b[0m \u001b[0mnltk\u001b[0m\u001b[0;34m.\u001b[0m\u001b[0mdata\u001b[0m\u001b[0;34m.\u001b[0m\u001b[0mfind\u001b[0m\u001b[0;34m(\u001b[0m\u001b[0;34mf\"{self.subdir}/{self.__name}\"\u001b[0m\u001b[0;34m)\u001b[0m\u001b[0;34m\u001b[0m\u001b[0;34m\u001b[0m\u001b[0m\n\u001b[0m\u001b[1;32m     82\u001b[0m             \u001b[0;32mexcept\u001b[0m \u001b[0mLookupError\u001b[0m \u001b[0;32mas\u001b[0m \u001b[0me\u001b[0m\u001b[0;34m:\u001b[0m\u001b[0;34m\u001b[0m\u001b[0;34m\u001b[0m\u001b[0m\n\u001b[1;32m     83\u001b[0m                 \u001b[0;32mtry\u001b[0m\u001b[0;34m:\u001b[0m\u001b[0;34m\u001b[0m\u001b[0;34m\u001b[0m\u001b[0m\n","\u001b[0;32m/usr/local/lib/python3.11/dist-packages/nltk/data.py\u001b[0m in \u001b[0;36mfind\u001b[0;34m(resource_name, paths)\u001b[0m\n\u001b[1;32m    577\u001b[0m     \u001b[0msep\u001b[0m \u001b[0;34m=\u001b[0m \u001b[0;34m\"*\"\u001b[0m \u001b[0;34m*\u001b[0m \u001b[0;36m70\u001b[0m\u001b[0;34m\u001b[0m\u001b[0;34m\u001b[0m\u001b[0m\n\u001b[1;32m    578\u001b[0m     \u001b[0mresource_not_found\u001b[0m \u001b[0;34m=\u001b[0m \u001b[0;34mf\"\\n{sep}\\n{msg}\\n{sep}\\n\"\u001b[0m\u001b[0;34m\u001b[0m\u001b[0;34m\u001b[0m\u001b[0m\n\u001b[0;32m--> 579\u001b[0;31m     \u001b[0;32mraise\u001b[0m \u001b[0mLookupError\u001b[0m\u001b[0;34m(\u001b[0m\u001b[0mresource_not_found\u001b[0m\u001b[0;34m)\u001b[0m\u001b[0;34m\u001b[0m\u001b[0;34m\u001b[0m\u001b[0m\n\u001b[0m\u001b[1;32m    580\u001b[0m \u001b[0;34m\u001b[0m\u001b[0m\n\u001b[1;32m    581\u001b[0m \u001b[0;34m\u001b[0m\u001b[0m\n","\u001b[0;31mLookupError\u001b[0m: \n**********************************************************************\n  Resource \u001b[93mwordnet\u001b[0m not found.\n  Please use the NLTK Downloader to obtain the resource:\n\n  \u001b[31m>>> import nltk\n  >>> nltk.download('wordnet')\n  \u001b[0m\n  For more information see: https://www.nltk.org/data.html\n\n  Attempted to load \u001b[93mcorpora/wordnet\u001b[0m\n\n  Searched in:\n    - '/root/nltk_data'\n    - '/usr/nltk_data'\n    - '/usr/share/nltk_data'\n    - '/usr/lib/nltk_data'\n    - '/usr/share/nltk_data'\n    - '/usr/local/share/nltk_data'\n    - '/usr/lib/nltk_data'\n    - '/usr/local/lib/nltk_data'\n**********************************************************************\n"]}]},{"cell_type":"code","source":["nltk.download('wordnet')"],"metadata":{"colab":{"base_uri":"https://localhost:8080/"},"id":"sIP-HroJ7a6R","executionInfo":{"status":"ok","timestamp":1739427006210,"user_tz":-330,"elapsed":437,"user":{"displayName":"Mohammed Parvez","userId":"16593232345013685849"}},"outputId":"4b314e70-e2c6-4e63-e123-21c3c9e8a19c"},"execution_count":71,"outputs":[{"output_type":"stream","name":"stderr","text":["[nltk_data] Downloading package wordnet to /root/nltk_data...\n"]},{"output_type":"execute_result","data":{"text/plain":["True"]},"metadata":{},"execution_count":71}]},{"cell_type":"code","source":["l=lesk(word_tokenize(x),\"sun\")"],"metadata":{"id":"RyELfSjf7f7x","executionInfo":{"status":"ok","timestamp":1739427032086,"user_tz":-330,"elapsed":7321,"user":{"displayName":"Mohammed Parvez","userId":"16593232345013685849"}}},"execution_count":72,"outputs":[]},{"cell_type":"markdown","source":["Gives the position of the particular word"],"metadata":{"id":"Y6hO1eTJ7mFA"}},{"cell_type":"code","source":["l"],"metadata":{"colab":{"base_uri":"https://localhost:8080/"},"id":"Ousma2ZB7jap","executionInfo":{"status":"ok","timestamp":1739427040128,"user_tz":-330,"elapsed":366,"user":{"displayName":"Mohammed Parvez","userId":"16593232345013685849"}},"outputId":"78ede55e-ed76-4cc5-f58a-7d22f4503eba"},"execution_count":73,"outputs":[{"output_type":"execute_result","data":{"text/plain":["Synset('sun.n.01')"]},"metadata":{},"execution_count":73}]},{"cell_type":"markdown","source":["to get the defination of particular word"],"metadata":{"id":"Ni0DiW_477Yw"}},{"cell_type":"code","source":["l.definition()"],"metadata":{"id":"DJ22CPFB8BbY","executionInfo":{"status":"ok","timestamp":1739427185146,"user_tz":-330,"elapsed":405,"user":{"displayName":"Mohammed Parvez","userId":"16593232345013685849"}},"outputId":"778f2c3c-c9f8-4951-e78c-d308c0a6fa84","colab":{"base_uri":"https://localhost:8080/","height":53}},"execution_count":74,"outputs":[{"output_type":"execute_result","data":{"text/plain":["'the star that is the source of light and heat for the planets in the solar system'"],"application/vnd.google.colaboratory.intrinsic+json":{"type":"string"}},"metadata":{},"execution_count":74}]}]}